0 info it worked if it ends with ok
1 verbose cli [ 'node', '/usr/local/bin/npm', 'install', '-g', 'ios-deploy' ]
2 info using npm@1.4.28
3 info using node@v0.10.32
4 verbose cache add [ 'ios-deploy', null ]
5 verbose cache add name=undefined spec="ios-deploy" args=["ios-deploy",null]
6 verbose parsed url { protocol: null,
6 verbose parsed url   slashes: null,
6 verbose parsed url   auth: null,
6 verbose parsed url   host: null,
6 verbose parsed url   port: null,
6 verbose parsed url   hostname: null,
6 verbose parsed url   hash: null,
6 verbose parsed url   search: null,
6 verbose parsed url   query: null,
6 verbose parsed url   pathname: 'ios-deploy',
6 verbose parsed url   path: 'ios-deploy',
6 verbose parsed url   href: 'ios-deploy' }
7 silly lockFile 69149c11-ios-deploy ios-deploy
8 verbose lock ios-deploy /Users/jaime/.npm/69149c11-ios-deploy.lock
9 silly lockFile 69149c11-ios-deploy ios-deploy
10 silly lockFile 69149c11-ios-deploy ios-deploy
11 verbose addNamed [ 'ios-deploy', '' ]
12 verbose addNamed [ null, '*' ]
13 silly lockFile 9c508a6b-ios-deploy ios-deploy@
14 verbose lock ios-deploy@ /Users/jaime/.npm/9c508a6b-ios-deploy.lock
15 silly addNameRange { name: 'ios-deploy', range: '*', hasData: false }
16 verbose request where is /ios-deploy
17 verbose request registry https://registry.npmjs.org/
18 verbose request id adbc53faf3dd0c28
19 verbose url raw /ios-deploy
20 verbose url resolving [ 'https://registry.npmjs.org/', './ios-deploy' ]
21 verbose url resolved https://registry.npmjs.org/ios-deploy
22 verbose request where is https://registry.npmjs.org/ios-deploy
23 info trying registry request attempt 1 at 04:17:12
24 verbose etag "BB62XSL3VYLBISEC9N5VTUSEW"
25 http GET https://registry.npmjs.org/ios-deploy
26 http 304 https://registry.npmjs.org/ios-deploy
27 silly registry.get cb [ 304,
27 silly registry.get   { date: 'Thu, 23 Oct 2014 03:17:12 GMT',
27 silly registry.get     server: 'Apache',
27 silly registry.get     via: '1.1 varnish',
27 silly registry.get     'last-modified': 'Thu, 23 Oct 2014 03:17:13 GMT',
27 silly registry.get     'cache-control': 'max-age=60',
27 silly registry.get     etag: '"BB62XSL3VYLBISEC9N5VTUSEW"',
27 silly registry.get     age: '0',
27 silly registry.get     'x-served-by': 'cache-lcy1122-LCY',
27 silly registry.get     'x-cache': 'MISS',
27 silly registry.get     'x-cache-hits': '0',
27 silly registry.get     'x-timer': 'S1414034232.725348,VS0,VE622',
27 silly registry.get     vary: 'Accept',
27 silly registry.get     'content-length': '0',
27 silly registry.get     'keep-alive': 'timeout=10, max=50',
27 silly registry.get     connection: 'Keep-Alive' } ]
28 verbose etag https://registry.npmjs.org/ios-deploy from cache
29 silly addNameRange number 2 { name: 'ios-deploy', range: '*', hasData: true }
30 silly addNameRange versions [ 'ios-deploy',
30 silly addNameRange   [ '1.0.1',
30 silly addNameRange     '1.0.2',
30 silly addNameRange     '1.0.3',
30 silly addNameRange     '1.0.4',
30 silly addNameRange     '1.0.5',
30 silly addNameRange     '1.0.6',
30 silly addNameRange     '1.0.7',
30 silly addNameRange     '1.0.8',
30 silly addNameRange     '1.0.9',
30 silly addNameRange     '1.1.0',
30 silly addNameRange     '1.2.0' ] ]
31 verbose addNamed [ 'ios-deploy', '1.2.0' ]
32 verbose addNamed [ '1.2.0', '1.2.0' ]
33 silly lockFile b487543a-ios-deploy-1-2-0 ios-deploy@1.2.0
34 verbose lock ios-deploy@1.2.0 /Users/jaime/.npm/b487543a-ios-deploy-1-2-0.lock
35 silly lockFile b487543a-ios-deploy-1-2-0 ios-deploy@1.2.0
36 silly lockFile b487543a-ios-deploy-1-2-0 ios-deploy@1.2.0
37 silly lockFile 9c508a6b-ios-deploy ios-deploy@
38 silly lockFile 9c508a6b-ios-deploy ios-deploy@
39 silly resolved [ { name: 'ios-deploy',
39 silly resolved     version: '1.2.0',
39 silly resolved     description: 'launch iOS apps iOS devices from the command line (Xcode 6)',
39 silly resolved     main: 'ios-deploy',
39 silly resolved     scripts: { preinstall: 'make ios-deploy' },
39 silly resolved     bin: { 'ios-deploy': './ios-deploy' },
39 silly resolved     repository: { type: 'git', url: 'https://github.com/phonegap/ios-deploy' },
39 silly resolved     keywords: [ 'ios-deploy', 'deploy to iOS device' ],
39 silly resolved     author: { name: 'Greg Hughes' },
39 silly resolved     license: 'GPLv3',
39 silly resolved     gitHead: '0467b69fd837c9721b8388f6401bcb3e83411bf0',
39 silly resolved     bugs: { url: 'https://github.com/phonegap/ios-deploy/issues' },
39 silly resolved     homepage: 'https://github.com/phonegap/ios-deploy',
39 silly resolved     _id: 'ios-deploy@1.2.0',
39 silly resolved     _shasum: 'cd90f0864c156fc679d1feb1b5b33c0601979158',
39 silly resolved     _from: 'ios-deploy@',
39 silly resolved     _npmVersion: '1.4.14',
39 silly resolved     _npmUser: { name: 'shazron', email: 'shazron@gmail.com' },
39 silly resolved     maintainers: [ [Object] ],
39 silly resolved     dist:
39 silly resolved      { shasum: 'cd90f0864c156fc679d1feb1b5b33c0601979158',
39 silly resolved        tarball: 'http://registry.npmjs.org/ios-deploy/-/ios-deploy-1.2.0.tgz' },
39 silly resolved     directories: {},
39 silly resolved     _resolved: 'https://registry.npmjs.org/ios-deploy/-/ios-deploy-1.2.0.tgz',
39 silly resolved     readme: 'ERROR: No README data found!' } ]
40 info install ios-deploy@1.2.0 into /usr/local/lib
41 info installOne ios-deploy@1.2.0
42 verbose lib/node_modules/ios-deploy unbuild
43 verbose tar unpack /Users/jaime/.npm/ios-deploy/1.2.0/package.tgz
44 silly lockFile d4189100-ocal-lib-node-modules-ios-deploy tar:///usr/local/lib/node_modules/ios-deploy
45 verbose lock tar:///usr/local/lib/node_modules/ios-deploy /Users/jaime/.npm/d4189100-ocal-lib-node-modules-ios-deploy.lock
46 silly lockFile 065159b6-npm-ios-deploy-1-2-0-package-tgz tar:///Users/jaime/.npm/ios-deploy/1.2.0/package.tgz
47 verbose lock tar:///Users/jaime/.npm/ios-deploy/1.2.0/package.tgz /Users/jaime/.npm/065159b6-npm-ios-deploy-1-2-0-package-tgz.lock
48 silly gunzTarPerm modes [ '755', '644' ]
49 error Error: EACCES, mkdir '/usr/local/lib/node_modules/ios-deploy'
49 error  { [Error: EACCES, mkdir '/usr/local/lib/node_modules/ios-deploy']
49 error   errno: 3,
49 error   code: 'EACCES',
49 error   path: '/usr/local/lib/node_modules/ios-deploy',
49 error   fstream_type: 'Directory',
49 error   fstream_path: '/usr/local/lib/node_modules/ios-deploy',
49 error   fstream_class: 'DirWriter',
49 error   fstream_stack:
49 error    [ '/usr/local/lib/node_modules/npm/node_modules/fstream/lib/dir-writer.js:36:23',
49 error      '/usr/local/lib/node_modules/npm/node_modules/mkdirp/index.js:46:53',
49 error      'Object.oncomplete (fs.js:107:15)' ] }
50 error Please try running this command again as root/Administrator.
51 error System Darwin 14.0.0
52 error command "node" "/usr/local/bin/npm" "install" "-g" "ios-deploy"
53 error cwd /Users/jaime/project1
54 error node -v v0.10.32
55 error npm -v 1.4.28
56 error path /usr/local/lib/node_modules/ios-deploy
57 error fstream_path /usr/local/lib/node_modules/ios-deploy
58 error fstream_type Directory
59 error fstream_class DirWriter
60 error code EACCES
61 error errno 3
62 error stack Error: EACCES, mkdir '/usr/local/lib/node_modules/ios-deploy'
63 error fstream_stack /usr/local/lib/node_modules/npm/node_modules/fstream/lib/dir-writer.js:36:23
63 error fstream_stack /usr/local/lib/node_modules/npm/node_modules/mkdirp/index.js:46:53
63 error fstream_stack Object.oncomplete (fs.js:107:15)
64 verbose exit [ 3, true ]
